[2023-05-16 12:59:29.225] PROD MUY DETALLADO: Send create notification of object com.oracle.jdbc:name=jdk.internal.loader.ClassLoaders$AppClassLoader@22d8cfe0,type=diagnosability
[2023-05-16 12:59:29.226] PROD MUY DETALLADO: JMX.mbean.registered com.oracle.jdbc:type=diagnosability,name=jdk.internal.loader.ClassLoaders$AppClassLoader@22d8cfe0
[2023-05-16 12:59:29.895] PROD MUY DETALLADO: Builtin factory: null -> new: null
[2023-05-16 12:59:29.905] PROD MUY DETALLADO: Builtin factory: null -> new: null
[2023-05-16 12:59:29.907] PROD MUY DETALLADO: Builtin factory: null -> new: null
[2023-05-16 12:59:29.914] PROD MUY DETALLADO: Builtin factory: null -> new: null
[2023-05-16 12:59:29.919] PROD MUY DETALLADO: Builtin factory: null -> new: null
[2023-05-16 13:05:46.262] PROD GRAVE: Fallo en la BBDD: ORA-00001: restricción única (SYSTEM.MOD_NUM) violada

[2023-05-16 13:06:06.787] PROD GRAVE: Fallo en la BBDD: ORA-00001: restricción única (SYSTEM.MOD_NUM) violada

[2023-05-16 13:07:05.617] PROD DETALLADO: Ingresastes 5 argumentos: IP BD: d:\alumnos.txt-Nomre BD:XE-UsuBD: system-Passwd BD:clase21-CSV: d:\alumnos.txt
[2023-05-16 13:07:05.717] PROD DETALLADO: Usuario oagueda Creado
[2023-05-16 13:07:05.718] PROD DETALLADO: Usuario oakrikez Creado
[2023-05-16 13:07:05.718] PROD DETALLADO: Usuario aandres Creado
[2023-05-16 13:07:05.720] PROD DETALLADO: Usuario panegon Creado
[2023-05-16 13:07:05.721] PROD DETALLADO: Usuario aberlanas Creado
[2023-05-16 13:07:05.722] PROD DETALLADO: Usuario adelvillar Creado
[2023-05-16 13:07:05.723] PROD DETALLADO: Usuario tdieguez Creado
[2023-05-16 13:07:05.724] PROD DETALLADO: Usuario lfernandez Creado
[2023-05-16 13:07:05.724] PROD DETALLADO: Usuario dgarcia Creado
[2023-05-16 13:07:05.725] PROD DETALLADO: Usuario lgarcia Creado
[2023-05-16 13:07:05.726] PROD DETALLADO: Usuario rgomez Creado
[2023-05-16 13:07:05.727] PROD DETALLADO: Usuario cgonzalez Creado
[2023-05-16 13:07:05.727] PROD DETALLADO: Usuario aholz Creado
[2023-05-16 13:07:05.728] PROD DETALLADO: Usuario ajimenezc Creado
[2023-05-16 13:07:05.729] PROD DETALLADO: Usuario ilamas Creado
[2023-05-16 13:07:05.730] PROD DETALLADO: Usuario amartin Creado
[2023-05-16 13:07:05.730] PROD DETALLADO: Usuario smoreno Creado
[2023-05-16 13:07:05.731] PROD DETALLADO: Usuario amoreno Creado
[2023-05-16 13:07:05.732] PROD DETALLADO: Usuario jnunez Creado
[2023-05-16 13:07:05.732] PROD DETALLADO: Usuario mpeinado Creado
[2023-05-16 13:07:05.733] PROD DETALLADO: Usuario oplaza Creado
[2023-05-16 13:07:05.734] PROD DETALLADO: Usuario rradu Creado
[2023-05-16 13:07:05.735] PROD DETALLADO: Usuario grodriguez Creado
[2023-05-16 13:07:05.737] PROD DETALLADO: Usuario bruiz Creado
[2023-05-16 13:07:05.738] PROD DETALLADO: Usuario asotillos Creado
[2023-05-16 13:07:05.738] PROD DETALLADO: Usuario avalle Creado
[2023-05-16 13:07:05.739] PROD DETALLADO: Usuario jsanz Creado
[2023-05-16 13:07:05.740] PROD DETALLADO: Usuario oagueda Creado
[2023-05-16 13:07:05.741] PROD DETALLADO: Usuario oakrikez Creado
[2023-05-16 13:07:05.742] PROD DETALLADO: Usuario aandres Creado
[2023-05-16 13:07:05.742] PROD DETALLADO: Usuario panegon Creado
[2023-05-16 13:07:05.744] PROD DETALLADO: Usuario aberlanas Creado
[2023-05-16 13:07:05.746] PROD DETALLADO: Usuario adelvillar Creado
[2023-05-16 13:07:05.747] PROD DETALLADO: Usuario tdieguez Creado
[2023-05-16 13:07:05.748] PROD DETALLADO: Usuario lfernandez Creado
[2023-05-16 13:07:05.748] PROD DETALLADO: Usuario dgarcia Creado
[2023-05-16 13:07:05.749] PROD DETALLADO: Usuario lgarcia Creado
[2023-05-16 13:07:05.750] PROD DETALLADO: Usuario rgomez Creado
[2023-05-16 13:07:05.751] PROD DETALLADO: Usuario cgonzalez Creado
[2023-05-16 13:07:05.752] PROD DETALLADO: Usuario aholz Creado
[2023-05-16 13:07:05.754] PROD DETALLADO: Usuario ajimenezc Creado
[2023-05-16 13:07:05.754] PROD DETALLADO: Usuario ilamas Creado
[2023-05-16 13:07:05.755] PROD DETALLADO: Usuario amartin Creado
[2023-05-16 13:07:05.756] PROD DETALLADO: Usuario smoreno Creado
[2023-05-16 13:07:05.756] PROD DETALLADO: Usuario amoreno Creado
[2023-05-16 13:07:05.757] PROD DETALLADO: Usuario jnunez Creado
[2023-05-16 13:07:05.758] PROD DETALLADO: Usuario mpeinado Creado
[2023-05-16 13:07:05.759] PROD DETALLADO: Usuario oplaza Creado
[2023-05-16 13:07:05.759] PROD DETALLADO: Usuario rradu Creado
[2023-05-16 13:07:05.760] PROD DETALLADO: Usuario grodriguez Creado
[2023-05-16 13:07:05.762] PROD DETALLADO: Usuario bruiz Creado
[2023-05-16 13:07:05.762] PROD DETALLADO: Usuario asotillos Creado
[2023-05-16 13:07:05.763] PROD DETALLADO: Usuario avalle Creado
[2023-05-16 13:07:05.764] PROD DETALLADO: Usuario jalcazar Creado
[2023-05-16 13:07:05.765] PROD DETALLADO: Usuario dcampeanu Creado
[2023-05-16 13:07:05.766] PROD DETALLADO: Usuario mdelasheras Creado
[2023-05-16 13:07:05.767] PROD DETALLADO: Usuario jdesantos Creado
[2023-05-16 13:07:05.767] PROD DETALLADO: Usuario dgarciaj Creado
[2023-05-16 13:07:05.769] PROD DETALLADO: Usuario mgarcia Creado
[2023-05-16 13:07:05.770] PROD DETALLADO: Usuario agil Creado
[2023-05-16 13:07:05.771] PROD DETALLADO: Usuario dgonzalez Creado
[2023-05-16 13:07:05.772] PROD DETALLADO: Usuario sgutierrez Creado
[2023-05-16 13:07:05.773] PROD DETALLADO: Usuario diglesias Creado
[2023-05-16 13:07:05.774] PROD DETALLADO: Usuario ajimenez Creado
[2023-05-16 13:07:05.774] PROD DETALLADO: Usuario fnieto Creado
[2023-05-16 13:07:05.775] PROD DETALLADO: Usuario epastrana Creado
[2023-05-16 13:07:05.775] PROD DETALLADO: Usuario tpietsch Creado
[2023-05-16 13:07:05.776] PROD DETALLADO: Usuario dponce Creado
[2023-05-16 13:07:05.777] PROD DETALLADO: Usuario gvera Creado
[2023-05-16 13:07:05.778] PROD DETALLADO: Usuario salvarez Creado
[2023-05-16 13:07:05.778] PROD DETALLADO: Usuario savila Creado
[2023-05-16 13:07:05.779] PROD DETALLADO: Usuario saviles Creado
[2023-05-16 13:07:05.780] PROD DETALLADO: Usuario ibellon Creado
[2023-05-16 13:07:05.780] PROD DETALLADO: Usuario mbraojos Creado
[2023-05-16 13:07:05.781] PROD DETALLADO: Usuario jbuabent Creado
[2023-05-16 13:07:05.781] PROD DETALLADO: Usuario pbueno Creado
[2023-05-16 13:07:05.782] PROD DETALLADO: Usuario ecaceres Creado
[2023-05-16 13:07:05.782] PROD DETALLADO: Usuario rcalvo Creado
[2023-05-16 13:07:05.783] PROD DETALLADO: Usuario icerbilla Creado
[2023-05-16 13:07:05.783] PROD DETALLADO: Usuario icrespo Creado
[2023-05-16 13:07:05.784] PROD DETALLADO: Usuario ddiazs Creado
[2023-05-16 13:07:05.785] PROD DETALLADO: Usuario sgarciac Creado
[2023-05-16 13:07:05.786] PROD DETALLADO: Usuario fgomez Creado
[2023-05-16 13:07:05.787] PROD DETALLADO: Usuario jlara Creado
[2023-05-16 13:07:05.787] PROD DETALLADO: Usuario jmanzanares Creado
[2023-05-16 13:07:05.788] PROD DETALLADO: Usuario lmartinez Creado
[2023-05-16 13:07:05.788] PROD DETALLADO: Usuario smartinez Creado
[2023-05-16 13:07:05.789] PROD DETALLADO: Usuario aperez Creado
[2023-05-16 13:07:05.790] PROD DETALLADO: Usuario lperez Creado
[2023-05-16 13:07:05.790] PROD DETALLADO: Usuario tpinardo Creado
[2023-05-16 13:07:05.791] PROD DETALLADO: Usuario arodriguez Creado
[2023-05-16 13:07:05.793] PROD DETALLADO: Usuario drodriguez Creado
[2023-05-16 13:07:05.794] PROD DETALLADO: Usuario asanchez Creado
[2023-05-16 13:07:05.795] PROD DETALLADO: Usuario asantiago Creado
[2023-05-16 13:07:05.796] PROD DETALLADO: Usuario asiltamies Creado
[2023-05-16 13:07:05.796] PROD DETALLADO: Usuario avera Creado
[2023-05-16 13:07:05.797] PROD DETALLADO: Usuario azak Creado
[2023-05-16 13:07:05.797] PROD DETALLADO: Usuario danton Creado
[2023-05-16 13:07:05.798] PROD DETALLADO: Usuario sbarroso Creado
[2023-05-16 13:07:05.798] PROD DETALLADO: Usuario odiaz Creado
[2023-05-16 13:07:05.799] PROD DETALLADO: Usuario ddiaz Creado
[2023-05-16 13:07:05.799] PROD DETALLADO: Usuario adomingo Creado
[2023-05-16 13:07:05.800] PROD DETALLADO: Usuario jdominguez Creado
[2023-05-16 13:07:05.801] PROD DETALLADO: Usuario dfresneda Creado
[2023-05-16 13:07:05.801] PROD DETALLADO: Usuario sgarcia Creado
[2023-05-16 13:07:05.803] PROD DETALLADO: Usuario pgarcia Creado
[2023-05-16 13:07:05.803] PROD DETALLADO: Usuario agomez Creado
[2023-05-16 13:07:05.804] PROD DETALLADO: Usuario gizquierdo Creado
[2023-05-16 13:07:05.805] PROD DETALLADO: Usuario rleva Creado
[2023-05-16 13:07:05.806] PROD DETALLADO: Usuario gmoreno Creado
[2023-05-16 13:07:05.806] PROD DETALLADO: Usuario apalomino Creado
[2023-05-16 13:07:05.807] PROD DETALLADO: Usuario vpohynayko Creado
[2023-05-16 13:07:05.807] PROD DETALLADO: Usuario lrodriguez Creado
[2023-05-16 13:07:05.808] PROD DETALLADO: Usuario jruiz Creado
[2023-05-16 13:07:05.810] PROD DETALLADO: Usuario eschmidt Creado
[2023-05-16 13:07:05.811] PROD INFORMACIÓN: Usuarios leídos:115
[2023-05-16 13:07:06.502] PROD INFORMACIÓN: Conexión exsitosa
[2023-05-16 13:07:06.632] PROD DETALLADO: Usuario oagueda Insertado en la BBDD
[2023-05-16 13:07:06.636] PROD DETALLADO: Usuario oakrikez Insertado en la BBDD
[2023-05-16 13:07:06.638] PROD DETALLADO: Usuario aandres Insertado en la BBDD
[2023-05-16 13:07:06.640] PROD DETALLADO: Usuario panegon Insertado en la BBDD
[2023-05-16 13:07:06.642] PROD DETALLADO: Usuario aberlanas Insertado en la BBDD
[2023-05-16 13:07:06.644] PROD DETALLADO: Usuario adelvillar Insertado en la BBDD
[2023-05-16 13:07:06.646] PROD DETALLADO: Usuario tdieguez Insertado en la BBDD
[2023-05-16 13:07:06.648] PROD DETALLADO: Usuario lfernandez Insertado en la BBDD
[2023-05-16 13:07:06.651] PROD DETALLADO: Usuario dgarcia Insertado en la BBDD
[2023-05-16 13:07:06.653] PROD DETALLADO: Usuario lgarcia Insertado en la BBDD
[2023-05-16 13:07:06.659] PROD DETALLADO: Usuario rgomez Insertado en la BBDD
[2023-05-16 13:07:06.669] PROD DETALLADO: Usuario cgonzalez Insertado en la BBDD
[2023-05-16 13:07:06.671] PROD DETALLADO: Usuario aholz Insertado en la BBDD
[2023-05-16 13:07:06.673] PROD DETALLADO: Usuario ajimenezc Insertado en la BBDD
[2023-05-16 13:07:06.676] PROD DETALLADO: Usuario ilamas Insertado en la BBDD
[2023-05-16 13:07:06.678] PROD DETALLADO: Usuario amartin Insertado en la BBDD
[2023-05-16 13:07:06.680] PROD DETALLADO: Usuario smoreno Insertado en la BBDD
[2023-05-16 13:07:06.683] PROD DETALLADO: Usuario amoreno Insertado en la BBDD
[2023-05-16 13:07:06.685] PROD DETALLADO: Usuario jnunez Insertado en la BBDD
[2023-05-16 13:07:06.687] PROD DETALLADO: Usuario mpeinado Insertado en la BBDD
[2023-05-16 13:07:06.690] PROD DETALLADO: Usuario oplaza Insertado en la BBDD
[2023-05-16 13:07:06.693] PROD DETALLADO: Usuario rradu Insertado en la BBDD
[2023-05-16 13:07:06.695] PROD DETALLADO: Usuario grodriguez Insertado en la BBDD
[2023-05-16 13:07:06.696] PROD DETALLADO: Usuario bruiz Insertado en la BBDD
[2023-05-16 13:07:06.698] PROD DETALLADO: Usuario asotillos Insertado en la BBDD
[2023-05-16 13:07:06.701] PROD DETALLADO: Usuario avalle Insertado en la BBDD
[2023-05-16 13:07:06.703] PROD DETALLADO: Usuario jsanz Insertado en la BBDD
[2023-05-16 13:07:06.705] PROD DETALLADO: Usuario oagueda Insertado en la BBDD
[2023-05-16 13:07:06.707] PROD DETALLADO: Usuario oakrikez Insertado en la BBDD
[2023-05-16 13:07:06.709] PROD DETALLADO: Usuario aandres Insertado en la BBDD
[2023-05-16 13:07:06.711] PROD DETALLADO: Usuario panegon Insertado en la BBDD
[2023-05-16 13:07:06.712] PROD DETALLADO: Usuario aberlanas Insertado en la BBDD
[2023-05-16 13:07:06.715] PROD DETALLADO: Usuario adelvillar Insertado en la BBDD
[2023-05-16 13:07:06.717] PROD DETALLADO: Usuario tdieguez Insertado en la BBDD
[2023-05-16 13:07:06.720] PROD DETALLADO: Usuario lfernandez Insertado en la BBDD
[2023-05-16 13:07:06.722] PROD DETALLADO: Usuario dgarcia Insertado en la BBDD
[2023-05-16 13:07:06.724] PROD DETALLADO: Usuario lgarcia Insertado en la BBDD
[2023-05-16 13:07:06.726] PROD DETALLADO: Usuario rgomez Insertado en la BBDD
[2023-05-16 13:07:06.728] PROD DETALLADO: Usuario cgonzalez Insertado en la BBDD
[2023-05-16 13:07:06.729] PROD DETALLADO: Usuario aholz Insertado en la BBDD
[2023-05-16 13:07:06.731] PROD DETALLADO: Usuario ajimenezc Insertado en la BBDD
[2023-05-16 13:07:06.733] PROD DETALLADO: Usuario ilamas Insertado en la BBDD
[2023-05-16 13:07:06.736] PROD DETALLADO: Usuario amartin Insertado en la BBDD
[2023-05-16 13:07:06.738] PROD DETALLADO: Usuario smoreno Insertado en la BBDD
[2023-05-16 13:07:06.740] PROD DETALLADO: Usuario amoreno Insertado en la BBDD
[2023-05-16 13:07:06.742] PROD DETALLADO: Usuario jnunez Insertado en la BBDD
[2023-05-16 13:07:06.744] PROD DETALLADO: Usuario mpeinado Insertado en la BBDD
[2023-05-16 13:07:06.746] PROD DETALLADO: Usuario oplaza Insertado en la BBDD
[2023-05-16 13:07:06.748] PROD DETALLADO: Usuario rradu Insertado en la BBDD
[2023-05-16 13:07:06.750] PROD DETALLADO: Usuario grodriguez Insertado en la BBDD
[2023-05-16 13:07:06.753] PROD DETALLADO: Usuario bruiz Insertado en la BBDD
[2023-05-16 13:07:06.755] PROD DETALLADO: Usuario asotillos Insertado en la BBDD
[2023-05-16 13:07:06.758] PROD DETALLADO: Usuario avalle Insertado en la BBDD
[2023-05-16 13:07:06.760] PROD DETALLADO: Usuario jalcazar Insertado en la BBDD
[2023-05-16 13:07:06.762] PROD DETALLADO: Usuario dcampeanu Insertado en la BBDD
[2023-05-16 13:07:06.764] PROD DETALLADO: Usuario mdelasheras Insertado en la BBDD
[2023-05-16 13:07:06.765] PROD DETALLADO: Usuario jdesantos Insertado en la BBDD
[2023-05-16 13:07:06.767] PROD DETALLADO: Usuario dgarciaj Insertado en la BBDD
[2023-05-16 13:07:06.770] PROD DETALLADO: Usuario mgarcia Insertado en la BBDD
[2023-05-16 13:07:06.774] PROD DETALLADO: Usuario agil Insertado en la BBDD
[2023-05-16 13:07:06.776] PROD DETALLADO: Usuario dgonzalez Insertado en la BBDD
[2023-05-16 13:07:06.778] PROD DETALLADO: Usuario sgutierrez Insertado en la BBDD
[2023-05-16 13:07:06.781] PROD DETALLADO: Usuario diglesias Insertado en la BBDD
[2023-05-16 13:07:06.784] PROD DETALLADO: Usuario ajimenez Insertado en la BBDD
[2023-05-16 13:07:06.786] PROD DETALLADO: Usuario fnieto Insertado en la BBDD
[2023-05-16 13:07:06.788] PROD DETALLADO: Usuario epastrana Insertado en la BBDD
[2023-05-16 13:07:06.791] PROD DETALLADO: Usuario tpietsch Insertado en la BBDD
[2023-05-16 13:07:06.792] PROD DETALLADO: Usuario dponce Insertado en la BBDD
[2023-05-16 13:07:06.794] PROD DETALLADO: Usuario gvera Insertado en la BBDD
[2023-05-16 13:07:06.795] PROD DETALLADO: Usuario salvarez Insertado en la BBDD
[2023-05-16 13:07:06.797] PROD DETALLADO: Usuario savila Insertado en la BBDD
[2023-05-16 13:07:06.799] PROD DETALLADO: Usuario saviles Insertado en la BBDD
[2023-05-16 13:07:06.803] PROD DETALLADO: Usuario ibellon Insertado en la BBDD
[2023-05-16 13:07:06.807] PROD DETALLADO: Usuario mbraojos Insertado en la BBDD
[2023-05-16 13:07:06.810] PROD DETALLADO: Usuario jbuabent Insertado en la BBDD
[2023-05-16 13:07:06.813] PROD DETALLADO: Usuario pbueno Insertado en la BBDD
[2023-05-16 13:07:06.816] PROD DETALLADO: Usuario ecaceres Insertado en la BBDD
[2023-05-16 13:07:06.818] PROD DETALLADO: Usuario rcalvo Insertado en la BBDD
[2023-05-16 13:07:06.820] PROD DETALLADO: Usuario icerbilla Insertado en la BBDD
[2023-05-16 13:07:06.822] PROD DETALLADO: Usuario icrespo Insertado en la BBDD
[2023-05-16 13:07:06.824] PROD DETALLADO: Usuario ddiazs Insertado en la BBDD
[2023-05-16 13:07:06.826] PROD DETALLADO: Usuario sgarciac Insertado en la BBDD
[2023-05-16 13:07:06.828] PROD DETALLADO: Usuario fgomez Insertado en la BBDD
[2023-05-16 13:07:06.830] PROD DETALLADO: Usuario jlara Insertado en la BBDD
[2023-05-16 13:07:06.832] PROD DETALLADO: Usuario jmanzanares Insertado en la BBDD
[2023-05-16 13:07:06.834] PROD DETALLADO: Usuario lmartinez Insertado en la BBDD
[2023-05-16 13:07:06.836] PROD DETALLADO: Usuario smartinez Insertado en la BBDD
[2023-05-16 13:07:06.838] PROD DETALLADO: Usuario aperez Insertado en la BBDD
[2023-05-16 13:07:06.841] PROD DETALLADO: Usuario lperez Insertado en la BBDD
[2023-05-16 13:07:06.843] PROD DETALLADO: Usuario tpinardo Insertado en la BBDD
[2023-05-16 13:07:06.846] PROD DETALLADO: Usuario arodriguez Insertado en la BBDD
[2023-05-16 13:07:06.848] PROD DETALLADO: Usuario drodriguez Insertado en la BBDD
[2023-05-16 13:07:06.851] PROD DETALLADO: Usuario asanchez Insertado en la BBDD
[2023-05-16 13:07:06.853] PROD DETALLADO: Usuario asantiago Insertado en la BBDD
[2023-05-16 13:07:06.856] PROD DETALLADO: Usuario asiltamies Insertado en la BBDD
[2023-05-16 13:07:06.859] PROD DETALLADO: Usuario avera Insertado en la BBDD
[2023-05-16 13:07:06.861] PROD DETALLADO: Usuario azak Insertado en la BBDD
[2023-05-16 13:07:06.863] PROD DETALLADO: Usuario danton Insertado en la BBDD
[2023-05-16 13:07:06.864] PROD DETALLADO: Usuario sbarroso Insertado en la BBDD
[2023-05-16 13:07:06.866] PROD DETALLADO: Usuario odiaz Insertado en la BBDD
[2023-05-16 13:07:06.867] PROD DETALLADO: Usuario ddiaz Insertado en la BBDD
[2023-05-16 13:07:06.869] PROD DETALLADO: Usuario adomingo Insertado en la BBDD
[2023-05-16 13:07:06.871] PROD DETALLADO: Usuario jdominguez Insertado en la BBDD
[2023-05-16 13:07:06.873] PROD DETALLADO: Usuario dfresneda Insertado en la BBDD
[2023-05-16 13:07:06.877] PROD DETALLADO: Usuario sgarcia Insertado en la BBDD
[2023-05-16 13:07:06.880] PROD DETALLADO: Usuario pgarcia Insertado en la BBDD
[2023-05-16 13:07:06.884] PROD DETALLADO: Usuario agomez Insertado en la BBDD
[2023-05-16 13:07:06.887] PROD DETALLADO: Usuario gizquierdo Insertado en la BBDD
[2023-05-16 13:07:06.890] PROD DETALLADO: Usuario rleva Insertado en la BBDD
[2023-05-16 13:07:06.892] PROD DETALLADO: Usuario gmoreno Insertado en la BBDD
[2023-05-16 13:07:06.895] PROD DETALLADO: Usuario apalomino Insertado en la BBDD
[2023-05-16 13:07:06.896] PROD DETALLADO: Usuario vpohynayko Insertado en la BBDD
[2023-05-16 13:07:06.898] PROD DETALLADO: Usuario lrodriguez Insertado en la BBDD
[2023-05-16 13:07:06.900] PROD DETALLADO: Usuario jruiz Insertado en la BBDD
[2023-05-16 13:07:06.901] PROD DETALLADO: Usuario eschmidt Insertado en la BBDD
[2023-05-16 13:15:26.835] PROD DETALLADO: Ingresastes 5 argumentos: IP BD: d:\alumnos.txt-Nomre BD:XE-UsuBD: system-Passwd BD:clase21-CSV: d:\alumnos.txt
[2023-05-16 13:15:26.953] PROD DETALLADO: Usuario oagueda Creado
[2023-05-16 13:15:26.954] PROD DETALLADO: Usuario oakrikez Creado
[2023-05-16 13:15:26.955] PROD DETALLADO: Usuario aandres Creado
[2023-05-16 13:15:26.957] PROD DETALLADO: Usuario panegon Creado
[2023-05-16 13:15:26.959] PROD DETALLADO: Usuario aberlanas Creado
[2023-05-16 13:15:26.960] PROD DETALLADO: Usuario adelvillar Creado
[2023-05-16 13:15:26.961] PROD DETALLADO: Usuario tdieguez Creado
[2023-05-16 13:15:26.962] PROD DETALLADO: Usuario lfernandez Creado
[2023-05-16 13:15:26.963] PROD DETALLADO: Usuario dgarcia Creado
[2023-05-16 13:15:26.964] PROD DETALLADO: Usuario lgarcia Creado
[2023-05-16 13:15:26.965] PROD DETALLADO: Usuario rgomez Creado
[2023-05-16 13:15:26.967] PROD DETALLADO: Usuario cgonzalez Creado
[2023-05-16 13:15:26.968] PROD DETALLADO: Usuario aholz Creado
[2023-05-16 13:15:26.969] PROD DETALLADO: Usuario ajimenezc Creado
[2023-05-16 13:15:26.970] PROD DETALLADO: Usuario ilamas Creado
[2023-05-16 13:15:26.971] PROD DETALLADO: Usuario amartin Creado
[2023-05-16 13:15:26.973] PROD DETALLADO: Usuario smoreno Creado
[2023-05-16 13:15:26.974] PROD DETALLADO: Usuario amoreno Creado
[2023-05-16 13:15:26.975] PROD DETALLADO: Usuario jnunez Creado
[2023-05-16 13:15:26.976] PROD DETALLADO: Usuario mpeinado Creado
[2023-05-16 13:15:26.977] PROD DETALLADO: Usuario oplaza Creado
[2023-05-16 13:15:26.978] PROD DETALLADO: Usuario rradu Creado
[2023-05-16 13:15:26.980] PROD DETALLADO: Usuario grodriguez Creado
[2023-05-16 13:15:26.982] PROD DETALLADO: Usuario bruiz Creado
[2023-05-16 13:15:26.985] PROD DETALLADO: Usuario asotillos Creado
[2023-05-16 13:15:26.986] PROD DETALLADO: Usuario avalle Creado
[2023-05-16 13:15:26.988] PROD DETALLADO: Usuario jsanz Creado
[2023-05-16 13:15:26.990] PROD DETALLADO: Usuario oagueda Creado
[2023-05-16 13:15:26.991] PROD DETALLADO: Usuario oakrikez Creado
[2023-05-16 13:15:26.992] PROD DETALLADO: Usuario aandres Creado
[2023-05-16 13:15:26.993] PROD DETALLADO: Usuario panegon Creado
[2023-05-16 13:15:26.994] PROD DETALLADO: Usuario aberlanas Creado
[2023-05-16 13:15:26.995] PROD DETALLADO: Usuario adelvillar Creado
[2023-05-16 13:15:26.996] PROD DETALLADO: Usuario tdieguez Creado
[2023-05-16 13:15:26.997] PROD DETALLADO: Usuario lfernandez Creado
[2023-05-16 13:15:26.998] PROD DETALLADO: Usuario dgarcia Creado
[2023-05-16 13:15:26.999] PROD DETALLADO: Usuario lgarcia Creado
[2023-05-16 13:15:27.000] PROD DETALLADO: Usuario rgomez Creado
[2023-05-16 13:15:27.002] PROD DETALLADO: Usuario cgonzalez Creado
[2023-05-16 13:15:27.004] PROD DETALLADO: Usuario aholz Creado
[2023-05-16 13:15:27.005] PROD DETALLADO: Usuario ajimenezc Creado
[2023-05-16 13:15:27.006] PROD DETALLADO: Usuario ilamas Creado
[2023-05-16 13:15:27.007] PROD DETALLADO: Usuario amartin Creado
[2023-05-16 13:15:27.009] PROD DETALLADO: Usuario smoreno Creado
[2023-05-16 13:15:27.010] PROD DETALLADO: Usuario amoreno Creado
[2023-05-16 13:15:27.011] PROD DETALLADO: Usuario jnunez Creado
[2023-05-16 13:15:27.014] PROD DETALLADO: Usuario mpeinado Creado
[2023-05-16 13:15:27.016] PROD DETALLADO: Usuario oplaza Creado
[2023-05-16 13:15:27.017] PROD DETALLADO: Usuario rradu Creado
[2023-05-16 13:15:27.019] PROD DETALLADO: Usuario grodriguez Creado
[2023-05-16 13:15:27.020] PROD DETALLADO: Usuario bruiz Creado
[2023-05-16 13:15:27.021] PROD DETALLADO: Usuario asotillos Creado
[2023-05-16 13:15:27.022] PROD DETALLADO: Usuario avalle Creado
[2023-05-16 13:15:27.024] PROD DETALLADO: Usuario jalcazar Creado
[2023-05-16 13:15:27.025] PROD DETALLADO: Usuario dcampeanu Creado
[2023-05-16 13:15:27.027] PROD DETALLADO: Usuario mdelasheras Creado
[2023-05-16 13:15:27.029] PROD DETALLADO: Usuario jdesantos Creado
[2023-05-16 13:15:27.030] PROD DETALLADO: Usuario dgarciaj Creado
[2023-05-16 13:15:27.031] PROD DETALLADO: Usuario mgarcia Creado
[2023-05-16 13:15:27.032] PROD DETALLADO: Usuario agil Creado
[2023-05-16 13:15:27.033] PROD DETALLADO: Usuario dgonzalez Creado
[2023-05-16 13:15:27.034] PROD DETALLADO: Usuario sgutierrez Creado
[2023-05-16 13:15:27.036] PROD DETALLADO: Usuario diglesias Creado
[2023-05-16 13:15:27.037] PROD DETALLADO: Usuario ajimenez Creado
[2023-05-16 13:15:27.038] PROD DETALLADO: Usuario fnieto Creado
[2023-05-16 13:15:27.039] PROD DETALLADO: Usuario epastrana Creado
[2023-05-16 13:15:27.039] PROD DETALLADO: Usuario tpietsch Creado
[2023-05-16 13:15:27.040] PROD DETALLADO: Usuario dponce Creado
[2023-05-16 13:15:27.041] PROD DETALLADO: Usuario gvera Creado
[2023-05-16 13:15:27.042] PROD DETALLADO: Usuario salvarez Creado
[2023-05-16 13:15:27.043] PROD DETALLADO: Usuario savila Creado
[2023-05-16 13:15:27.043] PROD DETALLADO: Usuario saviles Creado
[2023-05-16 13:15:27.044] PROD DETALLADO: Usuario ibellon Creado
[2023-05-16 13:15:27.045] PROD DETALLADO: Usuario mbraojos Creado
[2023-05-16 13:15:27.045] PROD DETALLADO: Usuario jbuabent Creado
[2023-05-16 13:15:27.046] PROD DETALLADO: Usuario pbueno Creado
[2023-05-16 13:15:27.047] PROD DETALLADO: Usuario ecaceres Creado
[2023-05-16 13:15:27.047] PROD DETALLADO: Usuario rcalvo Creado
[2023-05-16 13:15:27.048] PROD DETALLADO: Usuario icerbilla Creado
[2023-05-16 13:15:27.049] PROD DETALLADO: Usuario icrespo Creado
[2023-05-16 13:15:27.050] PROD DETALLADO: Usuario ddiazs Creado
[2023-05-16 13:15:27.053] PROD DETALLADO: Usuario sgarciac Creado
[2023-05-16 13:15:27.053] PROD DETALLADO: Usuario fgomez Creado
[2023-05-16 13:15:27.055] PROD DETALLADO: Usuario jlara Creado
[2023-05-16 13:15:27.057] PROD DETALLADO: Usuario jmanzanares Creado
[2023-05-16 13:15:27.058] PROD DETALLADO: Usuario lmartinez Creado
[2023-05-16 13:15:27.059] PROD DETALLADO: Usuario smartinez Creado
[2023-05-16 13:15:27.061] PROD DETALLADO: Usuario aperez Creado
[2023-05-16 13:15:27.061] PROD DETALLADO: Usuario lperez Creado
[2023-05-16 13:15:27.062] PROD DETALLADO: Usuario tpinardo Creado
[2023-05-16 13:15:27.064] PROD DETALLADO: Usuario arodriguez Creado
[2023-05-16 13:15:27.065] PROD DETALLADO: Usuario drodriguez Creado
[2023-05-16 13:15:27.066] PROD DETALLADO: Usuario asanchez Creado
[2023-05-16 13:15:27.067] PROD DETALLADO: Usuario asantiago Creado
[2023-05-16 13:15:27.067] PROD DETALLADO: Usuario asiltamies Creado
[2023-05-16 13:15:27.069] PROD DETALLADO: Usuario avera Creado
[2023-05-16 13:15:27.070] PROD DETALLADO: Usuario azak Creado
[2023-05-16 13:15:27.071] PROD DETALLADO: Usuario danton Creado
[2023-05-16 13:15:27.071] PROD DETALLADO: Usuario sbarroso Creado
[2023-05-16 13:15:27.072] PROD DETALLADO: Usuario odiaz Creado
[2023-05-16 13:15:27.073] PROD DETALLADO: Usuario ddiaz Creado
[2023-05-16 13:15:27.075] PROD DETALLADO: Usuario adomingo Creado
[2023-05-16 13:15:27.075] PROD DETALLADO: Usuario jdominguez Creado
[2023-05-16 13:15:27.079] PROD DETALLADO: Usuario dfresneda Creado
[2023-05-16 13:15:27.080] PROD DETALLADO: Usuario sgarcia Creado
[2023-05-16 13:15:27.081] PROD DETALLADO: Usuario pgarcia Creado
[2023-05-16 13:15:27.082] PROD DETALLADO: Usuario agomez Creado
[2023-05-16 13:15:27.083] PROD DETALLADO: Usuario gizquierdo Creado
[2023-05-16 13:15:27.084] PROD DETALLADO: Usuario rleva Creado
[2023-05-16 13:15:27.085] PROD DETALLADO: Usuario gmoreno Creado
[2023-05-16 13:15:27.086] PROD DETALLADO: Usuario apalomino Creado
[2023-05-16 13:15:27.087] PROD DETALLADO: Usuario vpohynayko Creado
[2023-05-16 13:15:27.087] PROD DETALLADO: Usuario lrodriguez Creado
[2023-05-16 13:15:27.088] PROD DETALLADO: Usuario jruiz Creado
[2023-05-16 13:15:27.089] PROD DETALLADO: Usuario eschmidt Creado
[2023-05-16 13:15:27.090] PROD INFORMACIÓN: Usuarios leídos:115
[2023-05-16 13:15:27.781] PROD INFORMACIÓN: Conexión exsitosa
[2023-05-16 13:15:27.907] PROD GRAVE: Fallo en la BBDD: ORA-00001: restricción única (SYSTEM.MOD_NUM) violada

[2023-05-16 13:15:35.578] PROD DETALLADO: Ingresastes 5 argumentos: IP BD: d:\alumnos.txt-Nomre BD:XE-UsuBD: system-Passwd BD:clase21-CSV: d:\alumnos.txt
[2023-05-16 13:15:35.679] PROD DETALLADO: Usuario oagueda Creado
[2023-05-16 13:15:35.680] PROD DETALLADO: Usuario oakrikez Creado
[2023-05-16 13:15:35.680] PROD DETALLADO: Usuario aandres Creado
[2023-05-16 13:15:35.682] PROD DETALLADO: Usuario panegon Creado
[2023-05-16 13:15:35.683] PROD DETALLADO: Usuario aberlanas Creado
[2023-05-16 13:15:35.684] PROD DETALLADO: Usuario adelvillar Creado
[2023-05-16 13:15:35.686] PROD DETALLADO: Usuario tdieguez Creado
[2023-05-16 13:15:35.687] PROD DETALLADO: Usuario lfernandez Creado
[2023-05-16 13:15:35.687] PROD DETALLADO: Usuario dgarcia Creado
[2023-05-16 13:15:35.688] PROD DETALLADO: Usuario lgarcia Creado
[2023-05-16 13:15:35.689] PROD DETALLADO: Usuario rgomez Creado
[2023-05-16 13:15:35.690] PROD DETALLADO: Usuario cgonzalez Creado
[2023-05-16 13:15:35.692] PROD DETALLADO: Usuario aholz Creado
[2023-05-16 13:15:35.692] PROD DETALLADO: Usuario ajimenezc Creado
[2023-05-16 13:15:35.693] PROD DETALLADO: Usuario ilamas Creado
[2023-05-16 13:15:35.694] PROD DETALLADO: Usuario amartin Creado
[2023-05-16 13:15:35.695] PROD DETALLADO: Usuario smoreno Creado
[2023-05-16 13:15:35.696] PROD DETALLADO: Usuario amoreno Creado
[2023-05-16 13:15:35.697] PROD DETALLADO: Usuario jnunez Creado
[2023-05-16 13:15:35.699] PROD DETALLADO: Usuario mpeinado Creado
[2023-05-16 13:15:35.700] PROD DETALLADO: Usuario oplaza Creado
[2023-05-16 13:15:35.701] PROD DETALLADO: Usuario rradu Creado
[2023-05-16 13:15:35.702] PROD DETALLADO: Usuario grodriguez Creado
[2023-05-16 13:15:35.703] PROD DETALLADO: Usuario bruiz Creado
[2023-05-16 13:15:35.703] PROD DETALLADO: Usuario asotillos Creado
[2023-05-16 13:15:35.704] PROD DETALLADO: Usuario avalle Creado
[2023-05-16 13:15:35.705] PROD DETALLADO: Usuario jsanz Creado
[2023-05-16 13:15:35.706] PROD DETALLADO: Usuario oagueda Creado
[2023-05-16 13:15:35.707] PROD DETALLADO: Usuario oakrikez Creado
[2023-05-16 13:15:35.708] PROD DETALLADO: Usuario aandres Creado
[2023-05-16 13:15:35.708] PROD DETALLADO: Usuario panegon Creado
[2023-05-16 13:15:35.709] PROD DETALLADO: Usuario aberlanas Creado
[2023-05-16 13:15:35.710] PROD DETALLADO: Usuario adelvillar Creado
[2023-05-16 13:15:35.711] PROD DETALLADO: Usuario tdieguez Creado
[2023-05-16 13:15:35.712] PROD DETALLADO: Usuario lfernandez Creado
[2023-05-16 13:15:35.713] PROD DETALLADO: Usuario dgarcia Creado
[2023-05-16 13:15:35.713] PROD DETALLADO: Usuario lgarcia Creado
[2023-05-16 13:15:35.714] PROD DETALLADO: Usuario rgomez Creado
[2023-05-16 13:15:35.715] PROD DETALLADO: Usuario cgonzalez Creado
[2023-05-16 13:15:35.716] PROD DETALLADO: Usuario aholz Creado
[2023-05-16 13:15:35.717] PROD DETALLADO: Usuario ajimenezc Creado
[2023-05-16 13:15:35.718] PROD DETALLADO: Usuario ilamas Creado
[2023-05-16 13:15:35.719] PROD DETALLADO: Usuario amartin Creado
[2023-05-16 13:15:35.720] PROD DETALLADO: Usuario smoreno Creado
[2023-05-16 13:15:35.721] PROD DETALLADO: Usuario amoreno Creado
[2023-05-16 13:15:35.722] PROD DETALLADO: Usuario jnunez Creado
[2023-05-16 13:15:35.724] PROD DETALLADO: Usuario mpeinado Creado
[2023-05-16 13:15:35.725] PROD DETALLADO: Usuario oplaza Creado
[2023-05-16 13:15:35.726] PROD DETALLADO: Usuario rradu Creado
[2023-05-16 13:15:35.727] PROD DETALLADO: Usuario grodriguez Creado
[2023-05-16 13:15:35.728] PROD DETALLADO: Usuario bruiz Creado
[2023-05-16 13:15:35.729] PROD DETALLADO: Usuario asotillos Creado
[2023-05-16 13:15:35.731] PROD DETALLADO: Usuario avalle Creado
[2023-05-16 13:15:35.733] PROD DETALLADO: Usuario jalcazar Creado
[2023-05-16 13:15:35.735] PROD DETALLADO: Usuario dcampeanu Creado
[2023-05-16 13:15:35.736] PROD DETALLADO: Usuario mdelasheras Creado
[2023-05-16 13:15:35.737] PROD DETALLADO: Usuario jdesantos Creado
[2023-05-16 13:15:35.738] PROD DETALLADO: Usuario dgarciaj Creado
[2023-05-16 13:15:35.739] PROD DETALLADO: Usuario mgarcia Creado
[2023-05-16 13:15:35.740] PROD DETALLADO: Usuario agil Creado
[2023-05-16 13:15:35.741] PROD DETALLADO: Usuario dgonzalez Creado
[2023-05-16 13:15:35.742] PROD DETALLADO: Usuario sgutierrez Creado
[2023-05-16 13:15:35.743] PROD DETALLADO: Usuario diglesias Creado
[2023-05-16 13:15:35.745] PROD DETALLADO: Usuario ajimenez Creado
[2023-05-16 13:15:35.745] PROD DETALLADO: Usuario fnieto Creado
[2023-05-16 13:15:35.746] PROD DETALLADO: Usuario epastrana Creado
[2023-05-16 13:15:35.747] PROD DETALLADO: Usuario tpietsch Creado
[2023-05-16 13:15:35.748] PROD DETALLADO: Usuario dponce Creado
[2023-05-16 13:15:35.749] PROD DETALLADO: Usuario gvera Creado
[2023-05-16 13:15:35.750] PROD DETALLADO: Usuario salvarez Creado
[2023-05-16 13:15:35.751] PROD DETALLADO: Usuario savila Creado
[2023-05-16 13:15:35.752] PROD DETALLADO: Usuario saviles Creado
[2023-05-16 13:15:35.753] PROD DETALLADO: Usuario ibellon Creado
[2023-05-16 13:15:35.753] PROD DETALLADO: Usuario mbraojos Creado
[2023-05-16 13:15:35.754] PROD DETALLADO: Usuario jbuabent Creado
[2023-05-16 13:15:35.755] PROD DETALLADO: Usuario pbueno Creado
[2023-05-16 13:15:35.756] PROD DETALLADO: Usuario ecaceres Creado
[2023-05-16 13:15:35.756] PROD DETALLADO: Usuario rcalvo Creado
[2023-05-16 13:15:35.757] PROD DETALLADO: Usuario icerbilla Creado
[2023-05-16 13:15:35.758] PROD DETALLADO: Usuario icrespo Creado
[2023-05-16 13:15:35.758] PROD DETALLADO: Usuario ddiazs Creado
[2023-05-16 13:15:35.761] PROD DETALLADO: Usuario sgarciac Creado
[2023-05-16 13:15:35.764] PROD DETALLADO: Usuario fgomez Creado
[2023-05-16 13:15:35.766] PROD DETALLADO: Usuario jlara Creado
[2023-05-16 13:15:35.767] PROD DETALLADO: Usuario jmanzanares Creado
[2023-05-16 13:15:35.768] PROD DETALLADO: Usuario lmartinez Creado
[2023-05-16 13:15:35.768] PROD DETALLADO: Usuario smartinez Creado
[2023-05-16 13:15:35.769] PROD DETALLADO: Usuario aperez Creado
[2023-05-16 13:15:35.770] PROD DETALLADO: Usuario lperez Creado
[2023-05-16 13:15:35.771] PROD DETALLADO: Usuario tpinardo Creado
[2023-05-16 13:15:35.772] PROD DETALLADO: Usuario arodriguez Creado
[2023-05-16 13:15:35.773] PROD DETALLADO: Usuario drodriguez Creado
[2023-05-16 13:15:35.774] PROD DETALLADO: Usuario asanchez Creado
[2023-05-16 13:15:35.775] PROD DETALLADO: Usuario asantiago Creado
[2023-05-16 13:15:35.775] PROD DETALLADO: Usuario asiltamies Creado
[2023-05-16 13:15:35.776] PROD DETALLADO: Usuario avera Creado
[2023-05-16 13:15:35.777] PROD DETALLADO: Usuario azak Creado
[2023-05-16 13:15:35.778] PROD DETALLADO: Usuario danton Creado
[2023-05-16 13:15:35.778] PROD DETALLADO: Usuario sbarroso Creado
[2023-05-16 13:15:35.779] PROD DETALLADO: Usuario odiaz Creado
[2023-05-16 13:15:35.779] PROD DETALLADO: Usuario ddiaz Creado
[2023-05-16 13:15:35.781] PROD DETALLADO: Usuario adomingo Creado
[2023-05-16 13:15:35.782] PROD DETALLADO: Usuario jdominguez Creado
[2023-05-16 13:15:35.785] PROD DETALLADO: Usuario dfresneda Creado
[2023-05-16 13:15:35.785] PROD DETALLADO: Usuario sgarcia Creado
[2023-05-16 13:15:35.788] PROD DETALLADO: Usuario pgarcia Creado
[2023-05-16 13:15:35.790] PROD DETALLADO: Usuario agomez Creado
[2023-05-16 13:15:35.791] PROD DETALLADO: Usuario gizquierdo Creado
[2023-05-16 13:15:35.791] PROD DETALLADO: Usuario rleva Creado
[2023-05-16 13:15:35.793] PROD DETALLADO: Usuario gmoreno Creado
[2023-05-16 13:15:35.793] PROD DETALLADO: Usuario apalomino Creado
[2023-05-16 13:15:35.794] PROD DETALLADO: Usuario vpohynayko Creado
[2023-05-16 13:15:35.795] PROD DETALLADO: Usuario lrodriguez Creado
[2023-05-16 13:15:35.796] PROD DETALLADO: Usuario jruiz Creado
[2023-05-16 13:15:35.797] PROD DETALLADO: Usuario eschmidt Creado
[2023-05-16 13:15:35.798] PROD INFORMACIÓN: Usuarios leídos:115
[2023-05-16 13:15:36.547] PROD INFORMACIÓN: Conexión exsitosa
[2023-05-16 13:15:36.675] PROD GRAVE: Fallo en la BBDD: ORA-00001: restricción única (SYSTEM.MOD_NUM) violada

[2023-05-16 13:16:02.418] PROD GRAVE: Fallo en la BBDD: ORA-00001: restricción única (SYSTEM.MOD_NUM) violada

[2023-05-16 13:19:54.937] PROD GRAVE: Fallo en la BBDD: ORA-00001: restricción única (SYSTEM.MOD_NUM) violada

[2023-05-16 13:20:10.998] PROD GRAVE: Fallo en la BBDD: ORA-00001: restricción única (SYSTEM.MOD_NUM) violada

